/mnt/petrelfs/leijingdi/.local/lib/python3.10/site-packages/transformers/models/auto/image_processing_auto.py:594: FutureWarning: The image_processor_class argument is deprecated and will be removed in v4.42. Please use `slow_image_processor_class`, or `fast_image_processor_class` instead
  warnings.warn(
/mnt/petrelfs/leijingdi/.local/lib/python3.10/site-packages/transformers/models/auto/image_processing_auto.py:594: FutureWarning: The image_processor_class argument is deprecated and will be removed in v4.42. Please use `slow_image_processor_class`, or `fast_image_processor_class` instead
  warnings.warn(
Traceback (most recent call last):
  File "/mnt/hwfile/ai4chem/leijingdi/code/critic-v/inference/reason_critic.py", line 290, in <module>
    spawn(
  File "/mnt/petrelfs/leijingdi/miniforge3/envs/ljd/lib/python3.10/site-packages/torch/multiprocessing/spawn.py", line 282, in spawn
    return start_processes(fn, args, nprocs, join, daemon, start_method="spawn")
  File "/mnt/petrelfs/leijingdi/miniforge3/envs/ljd/lib/python3.10/site-packages/torch/multiprocessing/spawn.py", line 238, in start_processes
    while not context.join():
  File "/mnt/petrelfs/leijingdi/miniforge3/envs/ljd/lib/python3.10/site-packages/torch/multiprocessing/spawn.py", line 189, in join
    raise ProcessRaisedException(msg, error_index, failed_process.pid)
torch.multiprocessing.spawn.ProcessRaisedException: 

-- Process 0 terminated with the following error:
Traceback (most recent call last):
  File "/mnt/petrelfs/leijingdi/miniforge3/envs/ljd/lib/python3.10/site-packages/torch/multiprocessing/spawn.py", line 76, in _wrap
    fn(i, *args)
  File "/mnt/hwfile/ai4chem/leijingdi/code/critic-v/inference/reason_critic.py", line 228, in distributed_inference
    setup_distributed(rank, world_size, master_addr, master_port)
  File "/mnt/hwfile/ai4chem/leijingdi/code/critic-v/inference/reason_critic.py", line 217, in setup_distributed
    dist.init_process_group(
  File "/mnt/petrelfs/leijingdi/miniforge3/envs/ljd/lib/python3.10/site-packages/torch/distributed/c10d_logger.py", line 79, in wrapper
    return func(*args, **kwargs)
  File "/mnt/petrelfs/leijingdi/miniforge3/envs/ljd/lib/python3.10/site-packages/torch/distributed/c10d_logger.py", line 93, in wrapper
    func_return = func(*args, **kwargs)
  File "/mnt/petrelfs/leijingdi/miniforge3/envs/ljd/lib/python3.10/site-packages/torch/distributed/distributed_c10d.py", line 1361, in init_process_group
    store, rank, world_size = next(rendezvous_iterator)
  File "/mnt/petrelfs/leijingdi/miniforge3/envs/ljd/lib/python3.10/site-packages/torch/distributed/rendezvous.py", line 258, in _env_rendezvous_handler
    store = _create_c10d_store(master_addr, master_port, rank, world_size, timeout, use_libuv)
  File "/mnt/petrelfs/leijingdi/miniforge3/envs/ljd/lib/python3.10/site-packages/torch/distributed/rendezvous.py", line 185, in _create_c10d_store
    return TCPStore(
RuntimeError: The server socket has failed to listen on any local network address. useIpv6: 0, code: -98, name: EADDRINUSE, message: address already in use

