Python version is above 3.10, patching the collections module.
Python version is above 3.10, patching the collections module.
Python version is above 3.10, patching the collections module.
data
Question:
<image>
Subtract all big red rubber cylinders. Subtract all blue objects. How many objects are left? Hint: Please answer the question requiring an integer answer and provide the final value, e.g., 1, 2, 3, at the end.
Question: Subtract all big red rubber cylinders. Subtract all blue objects. How many objects are left?  
Please try to answer the question with short words or phrases if possible., 
Round 0 done, 
Critic: The critique of the answer is that it is not clear what the question is asking. The question is asking to subtract all big red rubber cylinders and all blue objects from the image, but it is not clear what the final value should be. The answer provided is 8, but it is not clear what this value represents., 
Answer: 8
----------

Question:
reflection on former answer:The critique of the answer is that it is not clear what the question is asking. The question is asking to subtract all big red rubber cylinders and all blue objects from the image, but it is not clear what the final value should be. The answer provided is 8, but it is not clear what this value represents.
<image>
Subtract all big red rubber cylinders. Subtract all blue objects. How many objects are left? Hint: Please answer the question requiring an integer answer and provide the final value, e.g., 1, 2, 3, at the end.
Question: Subtract all big red rubber cylinders. Subtract all blue objects. How many objects are left?  ,
 Round
 1 done, 
Answer:
 8
data
['A.', 'B.']
Question:
Question: <image>
Are there fewer tandem bikes that are behind the brown metal bicycle than matte trucks on the left side of the green object? Hint: Please answer the question and provide the correct option letter, e.g., A, B, C, D, at the end.
Question: Are there fewer tandem bikes that are behind the brown metal bicycle than matte trucks on the left side of the green object?
Choices:
(A) Yes
(B) No
Options:
A. Yes
B. No
Please select the correct answer from the options above. Eg. A, B, 
Round 0 done, 
Critic: The answer is incorrect because there is only one tandem bike behind the brown metal bicycle, and there is no matte truck on the left side of the green object., 
Answer: B
----------

Question:
reflection on former answer:The answer is incorrect because there is only one tandem bike behind the brown metal bicycle, and there is no matte truck on the left side of the green object.
<image>
Are there fewer tandem bikes that are behind the brown metal bicycle than matte trucks on the left side of the green object? Hint: Please answer the question and provide the correct option letter, e.g., A, B, C, D, at the end.
Question: Are there fewer tandem bikes that are behind the brown metal bicycle than matte trucks on the left side of the green object?
Choices:
(A) Yes
(B) No A. Yes B. No,
 Round
 1 done, 
Answer:
 B
data
Question:
<image>
What is the age gap between the leftmost and the center person? Hint: Please answer the question requiring an integer answer and provide the final value, e.g., 1, 2, 3, at the end.
Question: What is the age gap between the leftmost and the center person? (Unit: years)  
Please try to answer the question with short words or phrases if possible., 
Round 0 done, 
Critic: The answer provided is incorrect. The age gap between the leftmost and the center person is not 1 year., 
Answer: 1
----------

Question:
reflection on former answer:The answer provided is incorrect. The age gap between the leftmost and the center person is not 1 year.
<image>
What is the age gap between the leftmost and the center person? Hint: Please answer the question requiring an integer answer and provide the final value, e.g., 1, 2, 3, at the end.
Question: What is the age gap between the leftmost and the center person? (Unit: years)  ,
 Round
 1 done, 
Answer:
 2
data
['A.', 'B.', 'C.', 'D.']
data
['A.', 'B.', 'C.', 'D.']
Question:
Question: <image>
As shown in the figure, in the circle O with a radius of 5.0, the length of the chord AB is 8.0, then the distance from the center O to the chord AB is () Hint: Please answer the question and provide the correct option letter, e.g., A, B, C, D, at the end.
Question: As shown in the figure, in the circle O with a radius of 5.0, the length of the chord AB is 8.0, then the distance from the center O to the chord AB is ()
Choices:
(A) 3
(B) 4
(C) 5
(D) 6
Options:
A. 3
B. 4
C. 5
D. 6
Please select the correct answer from the options above. Eg. A, B, C, D, 
Round 0 done, 
Critic: The critique of the answer is that it is incorrect. The correct answer is B, 4. The distance from the center O to the chord AB is the height of the right triangle formed by the radius, half of the chord, and the distance from the center to the chord. Using the Pythagorean theorem, we can find that the distance is 4., 
Answer: A
----------

Question:
reflection on former answer:The critique of the answer is that it is incorrect. The correct answer is B, 4. The distance from the center O to the chord AB is the height of the right triangle formed by the radius, half of the chord, and the distance from the center to the chord. Using the Pythagorean theorem, we can find that the distance is 4.
<image>
As shown in the figure, in the circle O with a radius of 5.0, the length of the chord AB is 8.0, then the distance from the center O to the chord AB is () Hint: Please answer the question and provide the correct option letter, e.g., A, B, C, D, at the end.
Question: As shown in the figure, in the circle O with a radius of 5.0, the length of the chord AB is 8.0, then the distance from the center O to the chord AB is ()
Choices:
(A) 3
(B) 4
(C) 5
(D) 6 A. 3 B. 4 C. 5 D. 6,
 Round
 1 done, 
Answer:
 B
data
data
['A.', 'B.', 'C.', 'D.']
data
Question:
<image>
The owner of a bed and breakfast inn recalled how many guests the inn had hosted each day. What is the median of the numbers?' Hint: Please answer the question requiring an integer answer and provide the final value, e.g., 1, 2, 3, at the end.
Question: The owner of a bed and breakfast inn recalled how many guests the inn had hosted each day. What is the median of the numbers?'  
Please try to answer the question with short words or phrases if possible., 
Round 0 done, 
Critic: The critique of the answer is that it is not a complete answer. The answer only provides the median value of the numbers, but it does not explain how the median was calculated or how it relates to the question., 
Answer: 5
----------

Question:
reflection on former answer:The critique of the answer is that it is not a complete answer. The answer only provides the median value of the numbers, but it does not explain how the median was calculated or how it relates to the question.
<image>
The owner of a bed and breakfast inn recalled how many guests the inn had hosted each day. What is the median of the numbers?' Hint: Please answer the question requiring an integer answer and provide the final value, e.g., 1, 2, 3, at the end.
Question: The owner of a bed and breakfast inn recalled how many guests the inn had hosted each day. What is the median of the numbers?'  ,
 Round
 1 done, 
Answer:
 The median is the middle value in a set of numbers when they are arranged in numerical order. In this case, the numbers are 4, 4, 5, 7, and 5. When arranged in numerical order, the middle value is 5. Therefore, the median of the numbers is 5.
data
['A.', 'B.']
data
['A.', 'B.', 'C.', 'D.']
Question:
Question: <image>
As shown in the figure, in Rt△ABC, ∠C = 90.0, AC = 4.0, AB = 5.0, then the value of sinB is () Hint: Please answer the question and provide the correct option letter, e.g., A, B, C, D, at the end.
Question: As shown in the figure, in Rt△ABC, ∠C = 90.0, AC = 4.0, AB = 5.0, then the value of sinB is ()
Choices:
(A) \frac{2}{3}
(B) \frac{3}{5}
(C) \frac{3}{4}
(D) \frac{4}{5}
Options:
A. \frac{2}{3}
B. \frac{3}{5}
C. \frac{3}{4}
D. \frac{4}{5}
Please select the correct answer from the options above. Eg. A, B, C, D, 
Round 0 done, 
Critic: The critique of the answer is that it is incorrect. The correct answer is B. \frac{3}{5}., 
Answer: B. \frac{3}{5}
----------

Question:
reflection on former answer:The critique of the answer is that it is incorrect. The correct answer is B. \frac{3}{5}.
<image>
As shown in the figure, in Rt△ABC, ∠C = 90.0, AC = 4.0, AB = 5.0, then the value of sinB is () Hint: Please answer the question and provide the correct option letter, e.g., A, B, C, D, at the end.
Question: As shown in the figure, in Rt△ABC, ∠C = 90.0, AC = 4.0, AB = 5.0, then the value of sinB is ()
Choices:
(A) \frac{2}{3}
(B) \frac{3}{5}
(C) \frac{3}{4}
(D) \frac{4}{5} A. \frac{2}{3} B. \frac{3}{5} C. \frac{3}{4} D. \frac{4}{5},
 Round
 1 done, 
Answer:
 B. \frac{3}{5}
data
Question:
<image>
How many people like the most preferred object in the whole chart? Hint: Please answer the question requiring an integer answer and provide the final value, e.g., 1, 2, 3, at the end.
Question: How many people like the most preferred object in the whole chart?  
Please try to answer the question with short words or phrases if possible., 
Round 0 done, 
Critic: The critique of the answer is that it is not a critique but rather a restatement of the question. The answer does not provide any analysis or evaluation of the question or the answer itself., 
Answer: 9
----------

Question:
reflection on former answer:The critique of the answer is that it is not a critique but rather a restatement of the question. The answer does not provide any analysis or evaluation of the question or the answer itself.
<image>
How many people like the most preferred object in the whole chart? Hint: Please answer the question requiring an integer answer and provide the final value, e.g., 1, 2, 3, at the end.
Question: How many people like the most preferred object in the whole chart?  ,
 Round
 1 done, 
Answer:
 9
data
data
['A.', 'B.', 'C.', 'D.', 'E.']
data
['A.', 'B.', 'C.', 'D.']
data
['A.', 'B.', 'C.', 'D.']
data
['A.', 'B.']
Question:
Question: <image>
Are most the stepping stones square? Hint: Please answer the question and provide the correct option letter, e.g., A, B, C, D, at the end.
Question: Are most the stepping stones square?
Choices:
(A) Yes
(B) No
Options:
A. Yes
B. No
Please select the correct answer from the options above. Eg. A, B, 
Round 0 done, 
Critic: The answer is incorrect. The stepping stones are not square, they are round., 
Answer: B
----------

Question:
reflection on former answer:The answer is incorrect. The stepping stones are not square, they are round.
<image>
Are most the stepping stones square? Hint: Please answer the question and provide the correct option letter, e.g., A, B, C, D, at the end.
Question: Are most the stepping stones square?
Choices:
(A) Yes
(B) No A. Yes B. No,
 Round
 1 done, 
Answer:
 B
data
Question:
<image>
At Bloomington Consulting, the head of human resources examined how the number of employees with health care benefits varied in response to policy changes. According to the table, what was the rate of change between 2014 and 2015? (Unit: employees per year) Hint: Please answer the question requiring an integer answer and provide the final value, e.g., 1, 2, 3, at the end.
Question: At Bloomington Consulting, the head of human resources examined how the number of employees with health care benefits varied in response to policy changes. According to the table, what was the rate of change between 2014 and 2015? (Unit: employees per year)  
Please try to answer the question with short words or phrases if possible., 
Round 0 done, 
Critic: The critique of the answer is that it is not clear what the question is asking. The question is asking for the rate of change between 2014 and 2015, but the answer is not clear., 
Answer: -1.
----------

Question:
reflection on former answer:The critique of the answer is that it is not clear what the question is asking. The question is asking for the rate of change between 2014 and 2015, but the answer is not clear.
<image>
At Bloomington Consulting, the head of human resources examined how the number of employees with health care benefits varied in response to policy changes. According to the table, what was the rate of change between 2014 and 2015? (Unit: employees per year) Hint: Please answer the question requiring an integer answer and provide the final value, e.g., 1, 2, 3, at the end.
Question: At Bloomington Consulting, the head of human resources examined how the number of employees with health care benefits varied in response to policy changes. According to the table, what was the rate of change between 2014 and 2015? (Unit: employees per year)  ,
 Round
 1 done, 
Answer:
 1.
data
